  LEVO 8 - Progect Usida Lebroda.cpp
C:\Users\lenovo\Desktop\Learning-Projects\LEVO 8 - Progect Usida Lebroda\LEVO 8 - Progect Usida Lebroda\Osama.h(14,33): warning C4081: expected 'newline'; found ';'
C:\Users\lenovo\Desktop\Learning-Projects\LEVO 8 - Progect Usida Lebroda\LEVO 8 - Progect Usida Lebroda\Osama.h(101,26): warning C4804: '<': unsafe use of type 'bool' in operation
C:\Users\lenovo\Desktop\Learning-Projects\LEVO 8 - Progect Usida Lebroda\LEVO 8 - Progect Usida Lebroda\Osama.h(101,40): warning C4804: '>': unsafe use of type 'bool' in operation
C:\Users\lenovo\Desktop\Learning-Projects\LEVO 8 - Progect Usida Lebroda\LEVO 8 - Progect Usida Lebroda\Osama.h(270,17): warning C4267: 'initializing': conversion from 'size_t' to 'short', possible loss of data
C:\Users\lenovo\Desktop\Learning-Projects\LEVO 8 - Progect Usida Lebroda\LEVO 8 - Progect Usida Lebroda\Osama.h(419,25): warning C4267: '=': conversion from 'size_t' to 'short', possible loss of data
C:\Users\lenovo\Desktop\Learning-Projects\LEVO 8 - Progect Usida Lebroda\LEVO 8 - Progect Usida Lebroda\LEVO 8 - Progect Usida Lebroda.cpp(62,23): warning C4267: '=': conversion from 'size_t' to 'short', possible loss of data
C:\Users\lenovo\Desktop\Learning-Projects\LEVO 8 - Progect Usida Lebroda\LEVO 8 - Progect Usida Lebroda\LEVO 8 - Progect Usida Lebroda.cpp(203,9): warning C4477: 'printf' : format string '%d' requires an argument of type 'int', but variadic argument 1 has type 'unsigned __int64'
C:\Users\lenovo\Desktop\Learning-Projects\LEVO 8 - Progect Usida Lebroda\LEVO 8 - Progect Usida Lebroda\LEVO 8 - Progect Usida Lebroda.cpp(203,9): message : consider using '%zd' in the format string
C:\Users\lenovo\Desktop\Learning-Projects\LEVO 8 - Progect Usida Lebroda\LEVO 8 - Progect Usida Lebroda\LEVO 8 - Progect Usida Lebroda.cpp(628,9): warning C4477: 'printf' : format string '%d' requires an argument of type 'int', but variadic argument 1 has type 'unsigned __int64'
C:\Users\lenovo\Desktop\Learning-Projects\LEVO 8 - Progect Usida Lebroda\LEVO 8 - Progect Usida Lebroda\LEVO 8 - Progect Usida Lebroda.cpp(628,9): message : consider using '%zd' in the format string
C:\Users\lenovo\Desktop\Learning-Projects\LEVO 8 - Progect Usida Lebroda\LEVO 8 - Progect Usida Lebroda\LEVO 8 - Progect Usida Lebroda.cpp(763,9): warning C4477: 'printf' : format string '%d' requires an argument of type 'int', but variadic argument 1 has type 'unsigned __int64'
C:\Users\lenovo\Desktop\Learning-Projects\LEVO 8 - Progect Usida Lebroda\LEVO 8 - Progect Usida Lebroda\LEVO 8 - Progect Usida Lebroda.cpp(763,9): message : consider using '%zd' in the format string
C:\Users\lenovo\Desktop\Learning-Projects\LEVO 8 - Progect Usida Lebroda\LEVO 8 - Progect Usida Lebroda\LEVO 8 - Progect Usida Lebroda.cpp(985,60): warning C4474: 'printf' : too many arguments passed for format string
C:\Users\lenovo\Desktop\Learning-Projects\LEVO 8 - Progect Usida Lebroda\LEVO 8 - Progect Usida Lebroda\LEVO 8 - Progect Usida Lebroda.cpp(985,60): message : placeholders and their parameters expect 0 variadic arguments, but 1 were provided
C:\Users\lenovo\Desktop\Learning-Projects\LEVO 8 - Progect Usida Lebroda\LEVO 8 - Progect Usida Lebroda\LEVO 8 - Progect Usida Lebroda.cpp(1220,13): warning C4326: return type of 'main' should be 'int' instead of 'void'
C:\Users\lenovo\Desktop\Learning-Projects\LEVO 8 - Progect Usida Lebroda\LEVO 8 - Progect Usida Lebroda\Osama.h(869): warning C4715: 'legend::GetRandomCharacter': not all control paths return a value
C:\Users\lenovo\Desktop\Learning-Projects\LEVO 8 - Progect Usida Lebroda\LEVO 8 - Progect Usida Lebroda\LEVO 8 - Progect Usida Lebroda.cpp(435): warning C4715: 'DeleteClient': not all control paths return a value
C:\Users\lenovo\Desktop\Learning-Projects\LEVO 8 - Progect Usida Lebroda\LEVO 8 - Progect Usida Lebroda\LEVO 8 - Progect Usida Lebroda.cpp(492): warning C4715: 'UpdateClient': not all control paths return a value
C:\Users\lenovo\Desktop\Learning-Projects\LEVO 8 - Progect Usida Lebroda\LEVO 8 - Progect Usida Lebroda\LEVO 8 - Progect Usida Lebroda.cpp(1006): warning C4715: 'DeleteUser': not all control paths return a value
  LEVO 8 - Progect Usida Lebroda.vcxproj -> C:\Users\lenovo\Desktop\Learning-Projects\LEVO 8 - Progect Usida Lebroda\LEVO 8 - Progect Usida Lebroda\x64\Debug\LEVO 8 - Progect Usida Lebroda.exe
